<?xml version="1.0" encoding="UTF-8"?>
<!-- Generated by org.testng.reporters.JUnitXMLReporter -->
<testsuite ignored="5" hostname="Alphi-Nandhalala" failures="0" tests="1" name="Default test" time="45.776" errors="0" timestamp="2023-09-01T05:53:17 GMT-04:00">
  <testcase classname="org.alphind.alphamcs.test.ClaimTest" name="viewCMS1500Claim" time="26.268"/>
  <testcase classname="org.alphind.alphamcs.test.ClaimTest" name="updateSubmitCMS1500Claim" time="0.0">
    <ignored/>
  </testcase> <!-- updateSubmitCMS1500Claim -->
  <testcase classname="org.alphind.alphamcs.test.ClaimTest" name="createSaveCMS1500Claim" time="0.0">
    <ignored/>
  </testcase> <!-- createSaveCMS1500Claim -->
  <testcase classname="org.alphind.alphamcs.test.ClaimTest" name="updateSaveCMS1500Claim" time="0.0">
    <ignored/>
  </testcase> <!-- updateSaveCMS1500Claim -->
  <testcase classname="org.alphind.alphamcs.test.ClaimTest" name="EDIincomingFile837PTest" time="0.0">
    <ignored/>
  </testcase> <!-- EDIincomingFile837PTest -->
  <testcase classname="org.alphind.alphamcs.test.ClaimTest" name="createCMS1500Claim" time="0.0">
    <ignored/>
  </testcase> <!-- createCMS1500Claim -->
</testsuite> <!-- Default test -->
