<?xml version="1.0" encoding="UTF-8"?>
<!-- Generated by org.testng.reporters.JUnitXMLReporter -->
<testsuite ignored="4" hostname="Alphi-Nandhalala" failures="0" tests="1" name="Default test" time="229.326" errors="0" timestamp="2024-01-31T05:33:29 GMT-05:00">
  <testcase classname="org.alphind.alphamcs.test.ClaimTest" name="createCMS1500Claim" time="192.488"/>
  <testcase classname="org.alphind.alphamcs.test.ClaimTest" name="updateSubmitCMS1500Claim" time="0.0">
    <ignored/>
  </testcase> <!-- updateSubmitCMS1500Claim -->
  <testcase classname="org.alphind.alphamcs.test.ClaimTest" name="createSaveCMS1500Claim" time="0.0">
    <ignored/>
  </testcase> <!-- createSaveCMS1500Claim -->
  <testcase classname="org.alphind.alphamcs.test.ClaimTest" name="updateSaveCMS1500Claim" time="0.0">
    <ignored/>
  </testcase> <!-- updateSaveCMS1500Claim -->
  <testcase classname="org.alphind.alphamcs.test.ClaimTest" name="viewCMS1500Claim" time="0.0">
    <ignored/>
  </testcase> <!-- viewCMS1500Claim -->
</testsuite> <!-- Default test -->
