<?xml version="1.0" encoding="UTF-8"?>
<!-- Generated by org.testng.reporters.JUnitXMLReporter -->
<testsuite ignored="2" hostname="Alphi-Nandhalala" failures="0" tests="1" name="Default test" time="141.852" errors="0" timestamp="2023-08-28T14:54:38 GMT-04:00">
  <testcase classname="org.alphind.alphamcs.test.ClaimTest" name="createCMS1500Claim" time="125.169"/>
  <testcase classname="org.alphind.alphamcs.test.ClaimTest" name="viewClaim" time="0.0">
    <ignored/>
  </testcase> <!-- viewClaim -->
  <testcase classname="org.alphind.alphamcs.test.ClaimTest" name="EDIincomingFile837PTest" time="0.0">
    <ignored/>
  </testcase> <!-- EDIincomingFile837PTest -->
</testsuite> <!-- Default test -->
