<?xml version="1.0" encoding="UTF-8"?>
<!-- Generated by org.testng.reporters.JUnitXMLReporter -->
<testsuite ignored="0" hostname="DESKTOP-FJ9ECQD" failures="0" tests="3" name="Regression" time="0.523" errors="0" timestamp="2023-05-05T18:33:05 EDT">
  <testcase classname="com.alphind.alphamcs.base.TestBase" name="@BeforeSuite suiteSetup" time="3.762">
    <failure type="java.io.FileNotFoundException" message="C:\Users\Abhishek\eclipse-workspace\AlphaMCS\src\test\java\com\artoftesting\config\Production.properties (The system cannot find the path specified)">
      <![CDATA[java.io.FileNotFoundException: C:\Users\Abhishek\eclipse-workspace\AlphaMCS\src\test\java\com\artoftesting\config\Production.properties (The system cannot find the path specified)
at java.base/java.io.FileInputStream.open0(Native Method)
at java.base/java.io.FileInputStream.open(FileInputStream.java:216)
at java.base/java.io.FileInputStream.<init>(FileInputStream.java:157)
at java.base/java.io.FileInputStream.<init>(FileInputStream.java:111)
at com.alphind.alphamcs.base.TestBase.suiteSetup(TestBase.java:84)
... Removed 19 stack frames]]>
    </failure>
  </testcase> <!-- @BeforeSuite suiteSetup -->
  <testcase classname="com.alphind.alphamcs.base.TestBase" name="@BeforeMethod loadBaseUrl" time="-1.683325985057E9">
    <skipped/>
  </testcase> <!-- @BeforeMethod loadBaseUrl -->
  <testcase classname="com.alphind.alphamcs.base.TestBase" name="@AfterMethod screenshotAndDeleteCookies" time="-1.683325985066E9">
    <skipped/>
  </testcase> <!-- @AfterMethod screenshotAndDeleteCookies -->
  <testcase classname="com.alphind.alphamcs.base.TestBase" name="@BeforeMethod loadBaseUrl" time="-1.68332598552E9">
    <skipped/>
  </testcase> <!-- @BeforeMethod loadBaseUrl -->
  <testcase classname="com.alphind.alphamcs.base.TestBase" name="@AfterMethod screenshotAndDeleteCookies" time="-1.683325985524E9">
    <skipped/>
  </testcase> <!-- @AfterMethod screenshotAndDeleteCookies -->
  <testcase classname="com.alphind.alphamcs.base.TestBase" name="@BeforeMethod loadBaseUrl" time="-1.683325985526E9">
    <skipped/>
  </testcase> <!-- @BeforeMethod loadBaseUrl -->
  <testcase classname="com.alphind.alphamcs.base.TestBase" name="@AfterMethod screenshotAndDeleteCookies" time="-1.68332598553E9">
    <skipped/>
  </testcase> <!-- @AfterMethod screenshotAndDeleteCookies -->
  <testcase classname="com.alphind.alphamcs.test.SauceDemoLoginTest" name="loginTest" time="0.0">
    <skipped/>
  </testcase> <!-- loginTest -->
  <testcase classname="com.alphind.alphamcs.test.SauceDemoLoginTest" name="tempTest" time="0.0">
    <skipped/>
  </testcase> <!-- tempTest -->
  <testcase classname="com.alphind.alphamcs.test.SauceDemoLoginTest" name="tempTest" time="0.0">
    <skipped/>
  </testcase> <!-- tempTest -->
</testsuite> <!-- Regression -->
