<?xml version="1.0" encoding="UTF-8"?>
<testng-results ignored="5" total="6" passed="1" failed="0" skipped="0">
  <reporter-output>
  </reporter-output>
  <suite started-at="2023-09-01T05:52:31 GMT-04:00" name="Default suite" finished-at="2023-09-01T05:53:17 GMT-04:00" duration-ms="45776">
    <groups>
    </groups>
    <test started-at="2023-09-01T05:52:31 GMT-04:00" name="Default test" finished-at="2023-09-01T05:53:17 GMT-04:00" duration-ms="45776">
      <class name="org.alphind.alphamcs.test.ClaimTest">
        <test-method is-config="true" signature="suiteSetup()[pri:0, instance:org.alphind.alphamcs.test.ClaimTest@19fe4644]" started-at="2023-09-01T05:52:27 GMT-04:00" name="suiteSetup" finished-at="2023-09-01T05:52:31 GMT-04:00" duration-ms="3678" status="PASS">
          <reporter-output>
          </reporter-output>
        </test-method> <!-- suiteSetup -->
        <test-method is-config="true" signature="loadBaseUrl(java.lang.reflect.Method)[pri:0, instance:org.alphind.alphamcs.test.ClaimTest@19fe4644]" started-at="2023-09-01T05:52:31 GMT-04:00" name="loadBaseUrl" finished-at="2023-09-01T05:52:49 GMT-04:00" duration-ms="18059" status="PASS">
          <params>
            <param index="0">
              <value>
                <![CDATA[public void org.alphind.alphamcs.test.ClaimTest.viewCMS1500Claim()]]>
              </value>
            </param>
          </params>
          <reporter-output>
          </reporter-output>
        </test-method> <!-- loadBaseUrl -->
        <test-method signature="viewCMS1500Claim()[pri:0, instance:org.alphind.alphamcs.test.ClaimTest@19fe4644]" started-at="2023-09-01T05:52:49 GMT-04:00" name="viewCMS1500Claim" finished-at="2023-09-01T05:53:15 GMT-04:00" duration-ms="26268" status="PASS">
          <reporter-output>
          </reporter-output>
        </test-method> <!-- viewCMS1500Claim -->
        <test-method is-config="true" signature="screenshotAndDeleteCookies(org.testng.ITestResult)[pri:0, instance:org.alphind.alphamcs.test.ClaimTest@19fe4644]" started-at="2023-09-01T05:53:15 GMT-04:00" name="screenshotAndDeleteCookies" finished-at="2023-09-01T05:53:17 GMT-04:00" duration-ms="1332" status="PASS">
          <params>
            <param index="0">
              <value>
                <![CDATA[[TestResult name=viewCMS1500Claim status=SUCCESS method=ClaimTest.viewCMS1500Claim()[pri:0, instance:org.alphind.alphamcs.test.ClaimTest@19fe4644] output={null}]]]>
              </value>
            </param>
          </params>
          <reporter-output>
          </reporter-output>
        </test-method> <!-- screenshotAndDeleteCookies -->
        <test-method is-config="true" signature="suiteTearDown()[pri:0, instance:org.alphind.alphamcs.test.ClaimTest@19fe4644]" started-at="2023-09-01T05:53:17 GMT-04:00" name="suiteTearDown" finished-at="2023-09-01T05:53:18 GMT-04:00" duration-ms="1071" status="PASS">
          <reporter-output>
          </reporter-output>
        </test-method> <!-- suiteTearDown -->
      </class> <!-- org.alphind.alphamcs.test.ClaimTest -->
    </test> <!-- Default test -->
  </suite> <!-- Default suite -->
</testng-results>
