<?xml version="1.0" encoding="UTF-8"?>
<testng-results ignored="2" total="3" passed="1" failed="0" skipped="0">
  <reporter-output>
  </reporter-output>
  <suite started-at="2023-08-28T14:52:16 GMT-04:00" name="Default suite" finished-at="2023-08-28T14:54:38 GMT-04:00" duration-ms="141852">
    <groups>
    </groups>
    <test started-at="2023-08-28T14:52:16 GMT-04:00" name="Default test" finished-at="2023-08-28T14:54:38 GMT-04:00" duration-ms="141852">
      <class name="org.alphind.alphamcs.test.ClaimTest">
        <test-method is-config="true" signature="suiteSetup()[pri:0, instance:org.alphind.alphamcs.test.ClaimTest@3276732]" started-at="2023-08-28T14:52:11 GMT-04:00" name="suiteSetup" finished-at="2023-08-28T14:52:16 GMT-04:00" duration-ms="5347" status="PASS">
          <reporter-output>
          </reporter-output>
        </test-method> <!-- suiteSetup -->
        <test-method is-config="true" signature="loadBaseUrl(java.lang.reflect.Method)[pri:0, instance:org.alphind.alphamcs.test.ClaimTest@3276732]" started-at="2023-08-28T14:52:16 GMT-04:00" name="loadBaseUrl" finished-at="2023-08-28T14:52:32 GMT-04:00" duration-ms="15364" status="PASS">
          <params>
            <param index="0">
              <value>
                <![CDATA[public void org.alphind.alphamcs.test.ClaimTest.createCMS1500Claim()]]>
              </value>
            </param>
          </params>
          <reporter-output>
          </reporter-output>
        </test-method> <!-- loadBaseUrl -->
        <test-method signature="createCMS1500Claim()[pri:0, instance:org.alphind.alphamcs.test.ClaimTest@3276732]" started-at="2023-08-28T14:52:32 GMT-04:00" name="createCMS1500Claim" finished-at="2023-08-28T14:54:37 GMT-04:00" duration-ms="125169" status="PASS">
          <reporter-output>
          </reporter-output>
        </test-method> <!-- createCMS1500Claim -->
        <test-method is-config="true" signature="screenshotAndDeleteCookies(org.testng.ITestResult)[pri:0, instance:org.alphind.alphamcs.test.ClaimTest@3276732]" started-at="2023-08-28T14:54:37 GMT-04:00" name="screenshotAndDeleteCookies" finished-at="2023-08-28T14:54:38 GMT-04:00" duration-ms="1224" status="PASS">
          <params>
            <param index="0">
              <value>
                <![CDATA[[TestResult name=createCMS1500Claim status=SUCCESS method=ClaimTest.createCMS1500Claim()[pri:0, instance:org.alphind.alphamcs.test.ClaimTest@3276732] output={null}]]]>
              </value>
            </param>
          </params>
          <reporter-output>
          </reporter-output>
        </test-method> <!-- screenshotAndDeleteCookies -->
        <test-method is-config="true" signature="suiteTearDown()[pri:0, instance:org.alphind.alphamcs.test.ClaimTest@3276732]" started-at="2023-08-28T14:54:38 GMT-04:00" name="suiteTearDown" finished-at="2023-08-28T14:54:39 GMT-04:00" duration-ms="588" status="PASS">
          <reporter-output>
          </reporter-output>
        </test-method> <!-- suiteTearDown -->
      </class> <!-- org.alphind.alphamcs.test.ClaimTest -->
    </test> <!-- Default test -->
  </suite> <!-- Default suite -->
</testng-results>
